
------------------------
2020.05.14 20:35:44
incoming
Array
(
    [id] => 7379
)

------------------------

------------------------
2020.05.14 20:35:55
incoming
Array
(
    [id] => 7379
)

------------------------

------------------------
2020.05.14 20:37:20
incoming
Array
(
    [id] => 7379
)

------------------------

------------------------
2020.05.14 20:37:41
incoming
Array
(
    [id] => 7379
)

------------------------

------------------------
2020.05.14 20:38:03
incoming
Array
(
    [id] => 7379
)

------------------------

------------------------
2020.05.14 20:38:48
incoming
Array
(
    [id] => 7379
)

------------------------

------------------------
2020.05.14 20:40:24
incoming
Array
(
    [id] => 7379
)

------------------------

------------------------
2020.05.14 20:40:57
incoming
Array
(
    [id] => 7379
)

------------------------

------------------------
2020.05.14 20:41:04
incoming
Array
(
    [id] => 7379
)

------------------------

------------------------
2020.05.14 20:43:18
incoming
Array
(
    [id] => 7379
)

------------------------

------------------------
2020.05.14 20:43:35
incoming
Array
(
    [id] => 7379
)

------------------------

------------------------
2020.05.14 20:43:43
incoming
Array
(
    [id] => 7379
)

------------------------

------------------------
2020.05.14 20:43:57
incoming
Array
(
    [id] => 7379
)

------------------------

------------------------
2020.05.14 20:44:17
incoming
Array
(
    [id] => 7379
)

------------------------

------------------------
2020.05.14 20:44:27
incoming
Array
(
    [id] => 7379
)

------------------------

------------------------
2020.05.14 20:44:59
incoming
Array
(
    [id] => 7379
)

------------------------

------------------------
2020.05.14 20:46:45
incoming
Array
(
    [id] => 7379
)

------------------------

------------------------
2020.05.14 20:47:16
incoming
Array
(
    [id] => 7379
)

------------------------

------------------------
2020.05.14 20:47:31
incoming
Array
(
    [id] => 7379
)

------------------------

------------------------
2020.05.14 20:49:29
incoming
Array
(
    [id] => 7379
)

------------------------

------------------------
2020.05.14 20:49:36
incoming
Array
(
    [id] => 7379
)

------------------------

------------------------
2020.05.14 20:52:08
incoming
Array
(
    [id] => 7379
)

------------------------

------------------------
2020.05.14 20:52:58
incoming
Array
(
    [id] => 7379
)

------------------------

------------------------
2020.05.14 20:53:49
incoming
Array
(
    [id] => 7379
)

------------------------

------------------------
2020.05.14 20:55:35
incoming
Array
(
    [id] => 7379
)

------------------------

------------------------
2020.05.14 20:55:44
incoming
Array
(
    [id] => 7379
)

------------------------

------------------------
2020.05.14 20:56:00
incoming
Array
(
    [id] => 7379
)

------------------------

------------------------
2020.05.14 20:56:05
incoming
Array
(
    [id] => 7379
)

------------------------

------------------------
2020.05.14 20:56:14
incoming
Array
(
    [id] => 7379
)

------------------------

------------------------
2020.05.14 20:56:52
incoming
Array
(
    [id] => 7379
)

------------------------

------------------------
2020.05.14 20:58:24
incoming
Array
(
    [id] => 7379
)

------------------------

------------------------
2020.05.14 21:03:07
incoming
Array
(
    [id] => 7379
)

------------------------

------------------------
2020.05.14 21:03:30
incoming
Array
(
    [id] => 7379
)

------------------------

------------------------
2020.05.14 21:03:56
incoming
Array
(
    [id] => 7379
)

------------------------
